<?xml version="1.0" encoding="UTF-8"?>
<testsuite xmlns:xsi="http://www.w3.org/2001/XMLSchema-instance" xsi:noNamespaceSchemaLocation="https://maven.apache.org/surefire/maven-surefire-plugin/xsd/surefire-test-report.xsd" version="3.0.1" name="com.automation.e2eTests.RunWebSuiteTest" time="10.295" tests="6" errors="0" skipped="0" failures="0">
  <properties>
    <property name="java.specification.version" value="17"/>
    <property name="sun.cpu.isalist" value="amd64"/>
    <property name="sun.jnu.encoding" value="Cp1252"/>
    <property name="java.class.path" value="C:\Users\kzrib\eclipse-workspace\selenuim-saucedemo\target\test-classes;C:\Users\kzrib\eclipse-workspace\selenuim-saucedemo\target\classes;C:\Users\kzrib\.m2\repository\org\testng\testng\7.9.0\testng-7.9.0.jar;C:\Users\kzrib\.m2\repository\org\slf4j\slf4j-api\1.7.36\slf4j-api-1.7.36.jar;C:\Users\kzrib\.m2\repository\com\beust\jcommander\1.82\jcommander-1.82.jar;C:\Users\kzrib\.m2\repository\org\webjars\jquery\3.7.1\jquery-3.7.1.jar;C:\Users\kzrib\.m2\repository\org\apache\poi\poi-ooxml\3.13\poi-ooxml-3.13.jar;C:\Users\kzrib\.m2\repository\org\apache\poi\poi\3.13\poi-3.13.jar;C:\Users\kzrib\.m2\repository\commons-codec\commons-codec\1.9\commons-codec-1.9.jar;C:\Users\kzrib\.m2\repository\org\apache\poi\poi-ooxml-schemas\3.13\poi-ooxml-schemas-3.13.jar;C:\Users\kzrib\.m2\repository\org\apache\xmlbeans\xmlbeans\2.6.0\xmlbeans-2.6.0.jar;C:\Users\kzrib\.m2\repository\stax\stax-api\1.0.1\stax-api-1.0.1.jar;C:\Users\kzrib\.m2\repository\org\junit\jupiter\junit-jupiter-api\5.8.2\junit-jupiter-api-5.8.2.jar;C:\Users\kzrib\.m2\repository\org\opentest4j\opentest4j\1.2.0\opentest4j-1.2.0.jar;C:\Users\kzrib\.m2\repository\org\junit\platform\junit-platform-commons\1.8.2\junit-platform-commons-1.8.2.jar;C:\Users\kzrib\.m2\repository\org\apiguardian\apiguardian-api\1.1.2\apiguardian-api-1.1.2.jar;C:\Users\kzrib\.m2\repository\org\seleniumhq\selenium\selenium-java\4.34.0\selenium-java-4.34.0.jar;C:\Users\kzrib\.m2\repository\org\seleniumhq\selenium\selenium-api\4.34.0\selenium-api-4.34.0.jar;C:\Users\kzrib\.m2\repository\org\jspecify\jspecify\1.0.0\jspecify-1.0.0.jar;C:\Users\kzrib\.m2\repository\org\seleniumhq\selenium\selenium-chrome-driver\4.34.0\selenium-chrome-driver-4.34.0.jar;C:\Users\kzrib\.m2\repository\com\google\auto\service\auto-service-annotations\1.1.1\auto-service-annotations-1.1.1.jar;C:\Users\kzrib\.m2\repository\org\seleniumhq\selenium\selenium-chromium-driver\4.34.0\selenium-chromium-driver-4.34.0.jar;C:\Users\kzrib\.m2\repository\org\seleniumhq\selenium\selenium-json\4.34.0\selenium-json-4.34.0.jar;C:\Users\kzrib\.m2\repository\org\seleniumhq\selenium\selenium-manager\4.34.0\selenium-manager-4.34.0.jar;C:\Users\kzrib\.m2\repository\org\seleniumhq\selenium\selenium-devtools-v136\4.34.0\selenium-devtools-v136-4.34.0.jar;C:\Users\kzrib\.m2\repository\org\seleniumhq\selenium\selenium-devtools-v137\4.34.0\selenium-devtools-v137-4.34.0.jar;C:\Users\kzrib\.m2\repository\org\seleniumhq\selenium\selenium-devtools-v138\4.34.0\selenium-devtools-v138-4.34.0.jar;C:\Users\kzrib\.m2\repository\org\seleniumhq\selenium\selenium-edge-driver\4.34.0\selenium-edge-driver-4.34.0.jar;C:\Users\kzrib\.m2\repository\org\seleniumhq\selenium\selenium-firefox-driver\4.34.0\selenium-firefox-driver-4.34.0.jar;C:\Users\kzrib\.m2\repository\org\seleniumhq\selenium\selenium-http\4.34.0\selenium-http-4.34.0.jar;C:\Users\kzrib\.m2\repository\org\seleniumhq\selenium\selenium-ie-driver\4.34.0\selenium-ie-driver-4.34.0.jar;C:\Users\kzrib\.m2\repository\org\seleniumhq\selenium\selenium-remote-driver\4.34.0\selenium-remote-driver-4.34.0.jar;C:\Users\kzrib\.m2\repository\com\google\guava\guava\33.4.8-jre\guava-33.4.8-jre.jar;C:\Users\kzrib\.m2\repository\com\google\guava\failureaccess\1.0.3\failureaccess-1.0.3.jar;C:\Users\kzrib\.m2\repository\com\google\guava\listenablefuture\9999.0-empty-to-avoid-conflict-with-guava\listenablefuture-9999.0-empty-to-avoid-conflict-with-guava.jar;C:\Users\kzrib\.m2\repository\com\google\errorprone\error_prone_annotations\2.36.0\error_prone_annotations-2.36.0.jar;C:\Users\kzrib\.m2\repository\com\google\j2objc\j2objc-annotations\3.0.0\j2objc-annotations-3.0.0.jar;C:\Users\kzrib\.m2\repository\io\opentelemetry\opentelemetry-api\1.51.0\opentelemetry-api-1.51.0.jar;C:\Users\kzrib\.m2\repository\io\opentelemetry\opentelemetry-context\1.51.0\opentelemetry-context-1.51.0.jar;C:\Users\kzrib\.m2\repository\io\opentelemetry\opentelemetry-exporter-logging\1.51.0\opentelemetry-exporter-logging-1.51.0.jar;C:\Users\kzrib\.m2\repository\io\opentelemetry\opentelemetry-sdk-common\1.51.0\opentelemetry-sdk-common-1.51.0.jar;C:\Users\kzrib\.m2\repository\io\opentelemetry\opentelemetry-sdk-extension-autoconfigure-spi\1.51.0\opentelemetry-sdk-extension-autoconfigure-spi-1.51.0.jar;C:\Users\kzrib\.m2\repository\io\opentelemetry\opentelemetry-sdk-extension-autoconfigure\1.51.0\opentelemetry-sdk-extension-autoconfigure-1.51.0.jar;C:\Users\kzrib\.m2\repository\io\opentelemetry\opentelemetry-sdk-trace\1.51.0\opentelemetry-sdk-trace-1.51.0.jar;C:\Users\kzrib\.m2\repository\io\opentelemetry\opentelemetry-sdk\1.51.0\opentelemetry-sdk-1.51.0.jar;C:\Users\kzrib\.m2\repository\io\opentelemetry\opentelemetry-sdk-metrics\1.51.0\opentelemetry-sdk-metrics-1.51.0.jar;C:\Users\kzrib\.m2\repository\io\opentelemetry\opentelemetry-sdk-logs\1.51.0\opentelemetry-sdk-logs-1.51.0.jar;C:\Users\kzrib\.m2\repository\net\bytebuddy\byte-buddy\1.17.6\byte-buddy-1.17.6.jar;C:\Users\kzrib\.m2\repository\org\seleniumhq\selenium\selenium-os\4.34.0\selenium-os-4.34.0.jar;C:\Users\kzrib\.m2\repository\org\apache\commons\commons-exec\1.5.0\commons-exec-1.5.0.jar;C:\Users\kzrib\.m2\repository\org\seleniumhq\selenium\selenium-safari-driver\4.34.0\selenium-safari-driver-4.34.0.jar;C:\Users\kzrib\.m2\repository\org\seleniumhq\selenium\selenium-support\4.34.0\selenium-support-4.34.0.jar;C:\Users\kzrib\.m2\repository\org\apache\logging\log4j\log4j-core\2.17.2\log4j-core-2.17.2.jar;C:\Users\kzrib\.m2\repository\com\googlecode\json-simple\json-simple\1.1.1\json-simple-1.1.1.jar;C:\Users\kzrib\.m2\repository\org\apache\logging\log4j\log4j-api\2.17.2\log4j-api-2.17.2.jar;C:\Users\kzrib\.m2\repository\io\cucumber\cucumber-java\7.23.0\cucumber-java-7.23.0.jar;C:\Users\kzrib\.m2\repository\io\cucumber\cucumber-core\7.23.0\cucumber-core-7.23.0.jar;C:\Users\kzrib\.m2\repository\io\cucumber\cucumber-gherkin\7.23.0\cucumber-gherkin-7.23.0.jar;C:\Users\kzrib\.m2\repository\io\cucumber\cucumber-gherkin-messages\7.23.0\cucumber-gherkin-messages-7.23.0.jar;C:\Users\kzrib\.m2\repository\io\cucumber\gherkin\32.1.1\gherkin-32.1.1.jar;C:\Users\kzrib\.m2\repository\io\cucumber\messages\27.2.0\messages-27.2.0.jar;C:\Users\kzrib\.m2\repository\io\cucumber\testng-xml-formatter\0.3.1\testng-xml-formatter-0.3.1.jar;C:\Users\kzrib\.m2\repository\io\cucumber\query\13.6.0\query-13.6.0.jar;C:\Users\kzrib\.m2\repository\io\cucumber\tag-expressions\6.1.2\tag-expressions-6.1.2.jar;C:\Users\kzrib\.m2\repository\io\cucumber\cucumber-expressions\18.0.1\cucumber-expressions-18.0.1.jar;C:\Users\kzrib\.m2\repository\io\cucumber\datatable\7.23.0\datatable-7.23.0.jar;C:\Users\kzrib\.m2\repository\io\cucumber\cucumber-plugin\7.23.0\cucumber-plugin-7.23.0.jar;C:\Users\kzrib\.m2\repository\io\cucumber\docstring\7.23.0\docstring-7.23.0.jar;C:\Users\kzrib\.m2\repository\io\cucumber\html-formatter\21.10.1\html-formatter-21.10.1.jar;C:\Users\kzrib\.m2\repository\io\cucumber\junit-xml-formatter\0.7.1\junit-xml-formatter-0.7.1.jar;C:\Users\kzrib\.m2\repository\io\cucumber\ci-environment\10.0.1\ci-environment-10.0.1.jar;C:\Users\kzrib\.m2\repository\io\cucumber\cucumber-junit\7.23.0\cucumber-junit-7.23.0.jar;C:\Users\kzrib\.m2\repository\junit\junit\4.13.2\junit-4.13.2.jar;C:\Users\kzrib\.m2\repository\commons-io\commons-io\2.11.0\commons-io-2.11.0.jar;C:\Users\kzrib\.m2\repository\org\apache\pdfbox\pdfbox\1.8.1\pdfbox-1.8.1.jar;C:\Users\kzrib\.m2\repository\org\apache\pdfbox\fontbox\1.8.1\fontbox-1.8.1.jar;C:\Users\kzrib\.m2\repository\org\apache\pdfbox\jempbox\1.8.1\jempbox-1.8.1.jar;C:\Users\kzrib\.m2\repository\commons-logging\commons-logging\1.1.1\commons-logging-1.1.1.jar;C:\Users\kzrib\.m2\repository\com\github\stephenc\monte\monte-screen-recorder\0.7.7.0\monte-screen-recorder-0.7.7.0.jar;C:\Users\kzrib\.m2\repository\org\apache\commons\commons-csv\1.1\commons-csv-1.1.jar;C:\Users\kzrib\.m2\repository\ru\yandex\qatools\ashot\ashot\1.5.4\ashot-1.5.4.jar;C:\Users\kzrib\.m2\repository\com\google\code\gson\gson\2.6.2\gson-2.6.2.jar;C:\Users\kzrib\.m2\repository\org\hamcrest\hamcrest-core\1.3\hamcrest-core-1.3.jar;C:\Users\kzrib\.m2\repository\org\jasypt\jasypt\1.9.3\jasypt-1.9.3.jar;C:\Users\kzrib\.m2\repository\io\github\bonigarcia\webdrivermanager\5.1.1\webdrivermanager-5.1.1.jar;C:\Users\kzrib\.m2\repository\com\github\docker-java\docker-java\3.2.13\docker-java-3.2.13.jar;C:\Users\kzrib\.m2\repository\com\github\docker-java\docker-java-core\3.2.13\docker-java-core-3.2.13.jar;C:\Users\kzrib\.m2\repository\com\github\docker-java\docker-java-api\3.2.13\docker-java-api-3.2.13.jar;C:\Users\kzrib\.m2\repository\com\fasterxml\jackson\core\jackson-annotations\2.10.3\jackson-annotations-2.10.3.jar;C:\Users\kzrib\.m2\repository\org\apache\commons\commons-compress\1.21\commons-compress-1.21.jar;C:\Users\kzrib\.m2\repository\com\fasterxml\jackson\core\jackson-databind\2.10.3\jackson-databind-2.10.3.jar;C:\Users\kzrib\.m2\repository\com\fasterxml\jackson\core\jackson-core\2.10.3\jackson-core-2.10.3.jar;C:\Users\kzrib\.m2\repository\org\bouncycastle\bcpkix-jdk15on\1.64\bcpkix-jdk15on-1.64.jar;C:\Users\kzrib\.m2\repository\org\bouncycastle\bcprov-jdk15on\1.64\bcprov-jdk15on-1.64.jar;C:\Users\kzrib\.m2\repository\org\slf4j\jcl-over-slf4j\1.7.30\jcl-over-slf4j-1.7.30.jar;C:\Users\kzrib\.m2\repository\com\github\docker-java\docker-java-transport-httpclient5\3.2.13\docker-java-transport-httpclient5-3.2.13.jar;C:\Users\kzrib\.m2\repository\com\github\docker-java\docker-java-transport\3.2.13\docker-java-transport-3.2.13.jar;C:\Users\kzrib\.m2\repository\net\java\dev\jna\jna\5.8.0\jna-5.8.0.jar;C:\Users\kzrib\.m2\repository\org\brotli\dec\0.1.2\dec-0.1.2.jar;C:\Users\kzrib\.m2\repository\org\apache\commons\commons-lang3\3.12.0\commons-lang3-3.12.0.jar;C:\Users\kzrib\.m2\repository\org\apache\httpcomponents\client5\httpclient5\5.1.3\httpclient5-5.1.3.jar;C:\Users\kzrib\.m2\repository\org\apache\httpcomponents\core5\httpcore5\5.1.3\httpcore5-5.1.3.jar;C:\Users\kzrib\.m2\repository\org\apache\httpcomponents\core5\httpcore5-h2\5.1.3\httpcore5-h2-5.1.3.jar;"/>
    <property name="java.vm.vendor" value="Oracle Corporation"/>
    <property name="sun.arch.data.model" value="64"/>
    <property name="user.variant" value=""/>
    <property name="java.vendor.url" value="https://java.oracle.com/"/>
    <property name="user.timezone" value="Europe/Paris"/>
    <property name="os.name" value="Windows 11"/>
    <property name="java.vm.specification.version" value="17"/>
    <property name="sun.java.launcher" value="SUN_STANDARD"/>
    <property name="user.country" value="FR"/>
    <property name="sun.boot.library.path" value="C:\Program Files\Java\jdk-17\bin"/>
    <property name="sun.java.command" value="C:\Users\kzrib\AppData\Local\Temp\surefire4742716587333574425\surefirebooter-20251021055117454_3.jar C:\Users\kzrib\AppData\Local\Temp\surefire4742716587333574425 2025-10-21T05-51-17_254-jvmRun1 surefire-20251021055117454_1tmp surefire_0-20251021055117454_2tmp"/>
    <property name="jdk.debug" value="release"/>
    <property name="surefire.test.class.path" value="C:\Users\kzrib\eclipse-workspace\selenuim-saucedemo\target\test-classes;C:\Users\kzrib\eclipse-workspace\selenuim-saucedemo\target\classes;C:\Users\kzrib\.m2\repository\org\testng\testng\7.9.0\testng-7.9.0.jar;C:\Users\kzrib\.m2\repository\org\slf4j\slf4j-api\1.7.36\slf4j-api-1.7.36.jar;C:\Users\kzrib\.m2\repository\com\beust\jcommander\1.82\jcommander-1.82.jar;C:\Users\kzrib\.m2\repository\org\webjars\jquery\3.7.1\jquery-3.7.1.jar;C:\Users\kzrib\.m2\repository\org\apache\poi\poi-ooxml\3.13\poi-ooxml-3.13.jar;C:\Users\kzrib\.m2\repository\org\apache\poi\poi\3.13\poi-3.13.jar;C:\Users\kzrib\.m2\repository\commons-codec\commons-codec\1.9\commons-codec-1.9.jar;C:\Users\kzrib\.m2\repository\org\apache\poi\poi-ooxml-schemas\3.13\poi-ooxml-schemas-3.13.jar;C:\Users\kzrib\.m2\repository\org\apache\xmlbeans\xmlbeans\2.6.0\xmlbeans-2.6.0.jar;C:\Users\kzrib\.m2\repository\stax\stax-api\1.0.1\stax-api-1.0.1.jar;C:\Users\kzrib\.m2\repository\org\junit\jupiter\junit-jupiter-api\5.8.2\junit-jupiter-api-5.8.2.jar;C:\Users\kzrib\.m2\repository\org\opentest4j\opentest4j\1.2.0\opentest4j-1.2.0.jar;C:\Users\kzrib\.m2\repository\org\junit\platform\junit-platform-commons\1.8.2\junit-platform-commons-1.8.2.jar;C:\Users\kzrib\.m2\repository\org\apiguardian\apiguardian-api\1.1.2\apiguardian-api-1.1.2.jar;C:\Users\kzrib\.m2\repository\org\seleniumhq\selenium\selenium-java\4.34.0\selenium-java-4.34.0.jar;C:\Users\kzrib\.m2\repository\org\seleniumhq\selenium\selenium-api\4.34.0\selenium-api-4.34.0.jar;C:\Users\kzrib\.m2\repository\org\jspecify\jspecify\1.0.0\jspecify-1.0.0.jar;C:\Users\kzrib\.m2\repository\org\seleniumhq\selenium\selenium-chrome-driver\4.34.0\selenium-chrome-driver-4.34.0.jar;C:\Users\kzrib\.m2\repository\com\google\auto\service\auto-service-annotations\1.1.1\auto-service-annotations-1.1.1.jar;C:\Users\kzrib\.m2\repository\org\seleniumhq\selenium\selenium-chromium-driver\4.34.0\selenium-chromium-driver-4.34.0.jar;C:\Users\kzrib\.m2\repository\org\seleniumhq\selenium\selenium-json\4.34.0\selenium-json-4.34.0.jar;C:\Users\kzrib\.m2\repository\org\seleniumhq\selenium\selenium-manager\4.34.0\selenium-manager-4.34.0.jar;C:\Users\kzrib\.m2\repository\org\seleniumhq\selenium\selenium-devtools-v136\4.34.0\selenium-devtools-v136-4.34.0.jar;C:\Users\kzrib\.m2\repository\org\seleniumhq\selenium\selenium-devtools-v137\4.34.0\selenium-devtools-v137-4.34.0.jar;C:\Users\kzrib\.m2\repository\org\seleniumhq\selenium\selenium-devtools-v138\4.34.0\selenium-devtools-v138-4.34.0.jar;C:\Users\kzrib\.m2\repository\org\seleniumhq\selenium\selenium-edge-driver\4.34.0\selenium-edge-driver-4.34.0.jar;C:\Users\kzrib\.m2\repository\org\seleniumhq\selenium\selenium-firefox-driver\4.34.0\selenium-firefox-driver-4.34.0.jar;C:\Users\kzrib\.m2\repository\org\seleniumhq\selenium\selenium-http\4.34.0\selenium-http-4.34.0.jar;C:\Users\kzrib\.m2\repository\org\seleniumhq\selenium\selenium-ie-driver\4.34.0\selenium-ie-driver-4.34.0.jar;C:\Users\kzrib\.m2\repository\org\seleniumhq\selenium\selenium-remote-driver\4.34.0\selenium-remote-driver-4.34.0.jar;C:\Users\kzrib\.m2\repository\com\google\guava\guava\33.4.8-jre\guava-33.4.8-jre.jar;C:\Users\kzrib\.m2\repository\com\google\guava\failureaccess\1.0.3\failureaccess-1.0.3.jar;C:\Users\kzrib\.m2\repository\com\google\guava\listenablefuture\9999.0-empty-to-avoid-conflict-with-guava\listenablefuture-9999.0-empty-to-avoid-conflict-with-guava.jar;C:\Users\kzrib\.m2\repository\com\google\errorprone\error_prone_annotations\2.36.0\error_prone_annotations-2.36.0.jar;C:\Users\kzrib\.m2\repository\com\google\j2objc\j2objc-annotations\3.0.0\j2objc-annotations-3.0.0.jar;C:\Users\kzrib\.m2\repository\io\opentelemetry\opentelemetry-api\1.51.0\opentelemetry-api-1.51.0.jar;C:\Users\kzrib\.m2\repository\io\opentelemetry\opentelemetry-context\1.51.0\opentelemetry-context-1.51.0.jar;C:\Users\kzrib\.m2\repository\io\opentelemetry\opentelemetry-exporter-logging\1.51.0\opentelemetry-exporter-logging-1.51.0.jar;C:\Users\kzrib\.m2\repository\io\opentelemetry\opentelemetry-sdk-common\1.51.0\opentelemetry-sdk-common-1.51.0.jar;C:\Users\kzrib\.m2\repository\io\opentelemetry\opentelemetry-sdk-extension-autoconfigure-spi\1.51.0\opentelemetry-sdk-extension-autoconfigure-spi-1.51.0.jar;C:\Users\kzrib\.m2\repository\io\opentelemetry\opentelemetry-sdk-extension-autoconfigure\1.51.0\opentelemetry-sdk-extension-autoconfigure-1.51.0.jar;C:\Users\kzrib\.m2\repository\io\opentelemetry\opentelemetry-sdk-trace\1.51.0\opentelemetry-sdk-trace-1.51.0.jar;C:\Users\kzrib\.m2\repository\io\opentelemetry\opentelemetry-sdk\1.51.0\opentelemetry-sdk-1.51.0.jar;C:\Users\kzrib\.m2\repository\io\opentelemetry\opentelemetry-sdk-metrics\1.51.0\opentelemetry-sdk-metrics-1.51.0.jar;C:\Users\kzrib\.m2\repository\io\opentelemetry\opentelemetry-sdk-logs\1.51.0\opentelemetry-sdk-logs-1.51.0.jar;C:\Users\kzrib\.m2\repository\net\bytebuddy\byte-buddy\1.17.6\byte-buddy-1.17.6.jar;C:\Users\kzrib\.m2\repository\org\seleniumhq\selenium\selenium-os\4.34.0\selenium-os-4.34.0.jar;C:\Users\kzrib\.m2\repository\org\apache\commons\commons-exec\1.5.0\commons-exec-1.5.0.jar;C:\Users\kzrib\.m2\repository\org\seleniumhq\selenium\selenium-safari-driver\4.34.0\selenium-safari-driver-4.34.0.jar;C:\Users\kzrib\.m2\repository\org\seleniumhq\selenium\selenium-support\4.34.0\selenium-support-4.34.0.jar;C:\Users\kzrib\.m2\repository\org\apache\logging\log4j\log4j-core\2.17.2\log4j-core-2.17.2.jar;C:\Users\kzrib\.m2\repository\com\googlecode\json-simple\json-simple\1.1.1\json-simple-1.1.1.jar;C:\Users\kzrib\.m2\repository\org\apache\logging\log4j\log4j-api\2.17.2\log4j-api-2.17.2.jar;C:\Users\kzrib\.m2\repository\io\cucumber\cucumber-java\7.23.0\cucumber-java-7.23.0.jar;C:\Users\kzrib\.m2\repository\io\cucumber\cucumber-core\7.23.0\cucumber-core-7.23.0.jar;C:\Users\kzrib\.m2\repository\io\cucumber\cucumber-gherkin\7.23.0\cucumber-gherkin-7.23.0.jar;C:\Users\kzrib\.m2\repository\io\cucumber\cucumber-gherkin-messages\7.23.0\cucumber-gherkin-messages-7.23.0.jar;C:\Users\kzrib\.m2\repository\io\cucumber\gherkin\32.1.1\gherkin-32.1.1.jar;C:\Users\kzrib\.m2\repository\io\cucumber\messages\27.2.0\messages-27.2.0.jar;C:\Users\kzrib\.m2\repository\io\cucumber\testng-xml-formatter\0.3.1\testng-xml-formatter-0.3.1.jar;C:\Users\kzrib\.m2\repository\io\cucumber\query\13.6.0\query-13.6.0.jar;C:\Users\kzrib\.m2\repository\io\cucumber\tag-expressions\6.1.2\tag-expressions-6.1.2.jar;C:\Users\kzrib\.m2\repository\io\cucumber\cucumber-expressions\18.0.1\cucumber-expressions-18.0.1.jar;C:\Users\kzrib\.m2\repository\io\cucumber\datatable\7.23.0\datatable-7.23.0.jar;C:\Users\kzrib\.m2\repository\io\cucumber\cucumber-plugin\7.23.0\cucumber-plugin-7.23.0.jar;C:\Users\kzrib\.m2\repository\io\cucumber\docstring\7.23.0\docstring-7.23.0.jar;C:\Users\kzrib\.m2\repository\io\cucumber\html-formatter\21.10.1\html-formatter-21.10.1.jar;C:\Users\kzrib\.m2\repository\io\cucumber\junit-xml-formatter\0.7.1\junit-xml-formatter-0.7.1.jar;C:\Users\kzrib\.m2\repository\io\cucumber\ci-environment\10.0.1\ci-environment-10.0.1.jar;C:\Users\kzrib\.m2\repository\io\cucumber\cucumber-junit\7.23.0\cucumber-junit-7.23.0.jar;C:\Users\kzrib\.m2\repository\junit\junit\4.13.2\junit-4.13.2.jar;C:\Users\kzrib\.m2\repository\commons-io\commons-io\2.11.0\commons-io-2.11.0.jar;C:\Users\kzrib\.m2\repository\org\apache\pdfbox\pdfbox\1.8.1\pdfbox-1.8.1.jar;C:\Users\kzrib\.m2\repository\org\apache\pdfbox\fontbox\1.8.1\fontbox-1.8.1.jar;C:\Users\kzrib\.m2\repository\org\apache\pdfbox\jempbox\1.8.1\jempbox-1.8.1.jar;C:\Users\kzrib\.m2\repository\commons-logging\commons-logging\1.1.1\commons-logging-1.1.1.jar;C:\Users\kzrib\.m2\repository\com\github\stephenc\monte\monte-screen-recorder\0.7.7.0\monte-screen-recorder-0.7.7.0.jar;C:\Users\kzrib\.m2\repository\org\apache\commons\commons-csv\1.1\commons-csv-1.1.jar;C:\Users\kzrib\.m2\repository\ru\yandex\qatools\ashot\ashot\1.5.4\ashot-1.5.4.jar;C:\Users\kzrib\.m2\repository\com\google\code\gson\gson\2.6.2\gson-2.6.2.jar;C:\Users\kzrib\.m2\repository\org\hamcrest\hamcrest-core\1.3\hamcrest-core-1.3.jar;C:\Users\kzrib\.m2\repository\org\jasypt\jasypt\1.9.3\jasypt-1.9.3.jar;C:\Users\kzrib\.m2\repository\io\github\bonigarcia\webdrivermanager\5.1.1\webdrivermanager-5.1.1.jar;C:\Users\kzrib\.m2\repository\com\github\docker-java\docker-java\3.2.13\docker-java-3.2.13.jar;C:\Users\kzrib\.m2\repository\com\github\docker-java\docker-java-core\3.2.13\docker-java-core-3.2.13.jar;C:\Users\kzrib\.m2\repository\com\github\docker-java\docker-java-api\3.2.13\docker-java-api-3.2.13.jar;C:\Users\kzrib\.m2\repository\com\fasterxml\jackson\core\jackson-annotations\2.10.3\jackson-annotations-2.10.3.jar;C:\Users\kzrib\.m2\repository\org\apache\commons\commons-compress\1.21\commons-compress-1.21.jar;C:\Users\kzrib\.m2\repository\com\fasterxml\jackson\core\jackson-databind\2.10.3\jackson-databind-2.10.3.jar;C:\Users\kzrib\.m2\repository\com\fasterxml\jackson\core\jackson-core\2.10.3\jackson-core-2.10.3.jar;C:\Users\kzrib\.m2\repository\org\bouncycastle\bcpkix-jdk15on\1.64\bcpkix-jdk15on-1.64.jar;C:\Users\kzrib\.m2\repository\org\bouncycastle\bcprov-jdk15on\1.64\bcprov-jdk15on-1.64.jar;C:\Users\kzrib\.m2\repository\org\slf4j\jcl-over-slf4j\1.7.30\jcl-over-slf4j-1.7.30.jar;C:\Users\kzrib\.m2\repository\com\github\docker-java\docker-java-transport-httpclient5\3.2.13\docker-java-transport-httpclient5-3.2.13.jar;C:\Users\kzrib\.m2\repository\com\github\docker-java\docker-java-transport\3.2.13\docker-java-transport-3.2.13.jar;C:\Users\kzrib\.m2\repository\net\java\dev\jna\jna\5.8.0\jna-5.8.0.jar;C:\Users\kzrib\.m2\repository\org\brotli\dec\0.1.2\dec-0.1.2.jar;C:\Users\kzrib\.m2\repository\org\apache\commons\commons-lang3\3.12.0\commons-lang3-3.12.0.jar;C:\Users\kzrib\.m2\repository\org\apache\httpcomponents\client5\httpclient5\5.1.3\httpclient5-5.1.3.jar;C:\Users\kzrib\.m2\repository\org\apache\httpcomponents\core5\httpcore5\5.1.3\httpcore5-5.1.3.jar;C:\Users\kzrib\.m2\repository\org\apache\httpcomponents\core5\httpcore5-h2\5.1.3\httpcore5-h2-5.1.3.jar;"/>
    <property name="sun.cpu.endian" value="little"/>
    <property name="user.home" value="C:\Users\kzrib"/>
    <property name="user.language" value="fr"/>
    <property name="java.specification.vendor" value="Oracle Corporation"/>
    <property name="java.version.date" value="2024-07-16"/>
    <property name="java.home" value="C:\Program Files\Java\jdk-17"/>
    <property name="file.separator" value="\"/>
    <property name="basedir" value="C:\Users\kzrib\eclipse-workspace\selenuim-saucedemo"/>
    <property name="java.vm.compressedOopsMode" value="Zero based"/>
    <property name="line.separator" value="&#10;"/>
    <property name="java.vm.specification.vendor" value="Oracle Corporation"/>
    <property name="java.specification.name" value="Java Platform API Specification"/>
    <property name="surefire.real.class.path" value="C:\Users\kzrib\AppData\Local\Temp\surefire4742716587333574425\surefirebooter-20251021055117454_3.jar"/>
    <property name="user.script" value=""/>
    <property name="sun.management.compiler" value="HotSpot 64-Bit Tiered Compilers"/>
    <property name="java.runtime.version" value="17.0.12+8-LTS-286"/>
    <property name="user.name" value="kzrib"/>
    <property name="path.separator" value=";"/>
    <property name="os.version" value="10.0"/>
    <property name="java.runtime.name" value="Java(TM) SE Runtime Environment"/>
    <property name="file.encoding" value="Cp1252"/>
    <property name="java.vm.name" value="Java HotSpot(TM) 64-Bit Server VM"/>
    <property name="localRepository" value="C:\Users\kzrib\.m2\repository"/>
    <property name="java.vendor.url.bug" value="https://bugreport.java.com/bugreport/"/>
    <property name="java.io.tmpdir" value="C:\Users\kzrib\AppData\Local\Temp\"/>
    <property name="java.version" value="17.0.12"/>
    <property name="user.dir" value="C:\Users\kzrib\eclipse-workspace\selenuim-saucedemo"/>
    <property name="os.arch" value="amd64"/>
    <property name="java.vm.specification.name" value="Java Virtual Machine Specification"/>
    <property name="sun.os.patch.level" value=""/>
    <property name="native.encoding" value="Cp1252"/>
    <property name="java.library.path" value="C:\Program Files\Java\jdk-17\bin;C:\WINDOWS\Sun\Java\bin;C:\WINDOWS\system32;C:\WINDOWS;C:\Users\kzrib\bin;C:\Program Files\Git\mingw64\bin;C:\Program Files\Git\usr\local\bin;C:\Program Files\Git\usr\bin;C:\Program Files\Git\usr\bin;C:\Program Files\Git\mingw64\bin;C:\Program Files\Git\usr\bin;C:\Users\kzrib\bin;C:\Program Files\Common Files\Oracle\Java\javapath;C:\WINDOWS\system32;C:\WINDOWS;C:\WINDOWS\System32\Wbem;C:\WINDOWS\System32\WindowsPowerShell\v1.0;C:\WINDOWS\System32\OpenSSH;C:\Program Files\Java\jdk-17\bin;C:\Program Files\Git\cmd;C:\Users\kzrib\Tools\apache-maven-3.9.11-bin\apache-maven-3.9.11\bin;C:\Users\kzrib\AppData\Local\Microsoft\WindowsApps;C:\Program Files\JetBrains\IntelliJ IDEA 2025.2\bin;C:\Users\kzrib\Tools\allure-2.35.1\allure-2.35.1\bin;C:\Program Files\Git\usr\bin\vendor_perl;C:\Program Files\Git\usr\bin\core_perl;."/>
    <property name="java.vm.info" value="mixed mode, sharing"/>
    <property name="java.vendor" value="Oracle Corporation"/>
    <property name="java.vm.version" value="17.0.12+8-LTS-286"/>
    <property name="sun.io.unicode.encoding" value="UnicodeLittle"/>
    <property name="java.class.version" value="61.0"/>
  </properties>
  <testcase name="Je souhaite supprimer un produit" classname="Suppression d&apos;un produit" time="0.089">
    <system-out><![CDATA[
@all @DeleteProduct
Scenario: Je souhaite supprimer un produit # src/spec/features/features_file/DeleteProduct.feature:11
]]></system-out>
  </testcase>
  <testcase name="Je souhaite  me connecter à l&apos;interface avec des identifiants valides" classname="Authentification" time="2.246">
    <system-out><![CDATA[
@all @login @login_validCredential
Scenario: Je souhaite  me connecter Ã  l'interface avec des identifiants valides # src/spec/features/features_file/Login.feature:12
  Given Je me connecte Ã  l'interface Swag Labs                                  # com.automation.e2eTests.step_definitions.LoginStepDefinition.jeMeConnecteÃ€LInterfaceSwagLabs()
  When Je saisis le username                                                    # com.automation.e2eTests.step_definitions.LoginStepDefinition.jeSaisisLeUsername()
  And Je saisis le password                                                     # com.automation.e2eTests.step_definitions.LoginStepDefinition.jeSaisisLePassword()
  And Je clique sur Login                                                       # com.automation.e2eTests.step_definitions.LoginStepDefinition.jeCliqueSurLogin()
  Then Je me redirige vers la page Home "Products"                              # com.automation.e2eTests.step_definitions.LoginStepDefinition.jeMeRedirigeVersLaPageHome(java.lang.String)
]]></system-out>
    <system-err><![CDATA[oct. 21, 2025 5:51:20 AM org.openqa.selenium.devtools.CdpVersionFinder findNearestMatch
WARNING: Unable to find an exact match for CDP version 140, returning the closest version; found: 138; Please update to a Selenium version that supports CDP version 140
]]></system-err>
  </testcase>
  <testcase name="Je souhaite me deconnecter" classname="Authentification" time="1.665">
    <system-out><![CDATA[
@all @login @logout
Scenario: Je souhaite me deconnecter                    # src/spec/features/features_file/Login.feature:16
  Given Je me connecte Ã  l'interface Swag Labs          # com.automation.e2eTests.step_definitions.LoginStepDefinition.jeMeConnecteÃ€LInterfaceSwagLabs()
  When Je saisis le username                            # com.automation.e2eTests.step_definitions.LoginStepDefinition.jeSaisisLeUsername()
  And Je saisis le password                             # com.automation.e2eTests.step_definitions.LoginStepDefinition.jeSaisisLePassword()
  And Je clique sur Login                               # com.automation.e2eTests.step_definitions.LoginStepDefinition.jeCliqueSurLogin()
  When Je clique sur le burgur menu                     # com.automation.e2eTests.step_definitions.LoginStepDefinition.jeCliqueSurLeBurgurMenu()
  And Je clique sur Logout                              # com.automation.e2eTests.step_definitions.LoginStepDefinition.jeCliqueSurLogout()
  Then Je me redirige vers la page de connexion "Login" # com.automation.e2eTests.step_definitions.LoginStepDefinition.jeMeRedirigeVersLaPageDeConnexion(java.lang.String)
]]></system-out>
    <system-err><![CDATA[oct. 21, 2025 5:51:21 AM org.openqa.selenium.devtools.CdpVersionFinder findNearestMatch
WARNING: Unable to find an exact match for CDP version 140, returning the closest version; found: 138; Please update to a Selenium version that supports CDP version 140
]]></system-err>
  </testcase>
  <testcase name="Je souhaite passer une commande" classname="Achat des produits" time="2.246">
    <system-out><![CDATA[
@all @Commande @Products
Scenario: Je souhaite passer une commande                            # src/spec/features/features_file/Order.feature:11
  Given Je me connecte Ã  l'interface Swag Labs                       # com.automation.e2eTests.step_definitions.LoginStepDefinition.jeMeConnecteÃ€LInterfaceSwagLabs()
  When Je saisis le username                                         # com.automation.e2eTests.step_definitions.LoginStepDefinition.jeSaisisLeUsername()
  And Je saisis le password                                          # com.automation.e2eTests.step_definitions.LoginStepDefinition.jeSaisisLePassword()
  And Je clique sur Login                                            # com.automation.e2eTests.step_definitions.LoginStepDefinition.jeCliqueSurLogin()
  When J'ajoute des produits au panier                               # com.automation.e2eTests.step_definitions.OrderStepDefinition.jAjouteDesProduitsAuPanier()
  And Je clique sur le bouton panier                                 # com.automation.e2eTests.step_definitions.OrderStepDefinition.jeCliqueSurLeBoutonPanier()
  And Je vÃ©rifie que tous les produits ajoutÃ©s sont dans le panier   # com.automation.e2eTests.step_definitions.OrderStepDefinition.jeVÃ©rifieQueTousLesProduitsAjoutÃ©sSontDansLePanier()
  And Je clique sur le bouton checkout                               # com.automation.e2eTests.step_definitions.OrderStepDefinition.jeCliqueSurLeBoutonCheckout()
  And Je saisis toutes les informations                              # com.automation.e2eTests.step_definitions.OrderStepDefinition.jeSaisisToutesLesInformations()
  And Je clique sur le bouton Continuer                              # com.automation.e2eTests.step_definitions.OrderStepDefinition.jeCliqueSurLeBoutonContinuer()
  And Je clique sur finish                                           # com.automation.e2eTests.step_definitions.OrderStepDefinition.jeCliqueSurFinish()
  Then Je verifie le message de rÃ©ussite "Thank you for your order!" # com.automation.e2eTests.step_definitions.OrderStepDefinition.jeVerifieLeMessageDeRÃ©ussite(java.lang.String)
]]></system-out>
    <system-err><![CDATA[oct. 21, 2025 5:51:23 AM org.openqa.selenium.devtools.CdpVersionFinder findNearestMatch
WARNING: Unable to find an exact match for CDP version 140, returning the closest version; found: 138; Please update to a Selenium version that supports CDP version 140
]]></system-err>
  </testcase>
  <testcase name="Je souhaite trier les produits par prix croissant" classname="Tri des produits" time="1.744">
    <system-out><![CDATA[
@all @SortProducts @SortByPrice
Scenario: Je souhaite trier les produits par prix croissant              # src/spec/features/features_file/SortProducts.feature:12
  Given Je me connecte Ã  l'interface Swag Labs                           # com.automation.e2eTests.step_definitions.LoginStepDefinition.jeMeConnecteÃ€LInterfaceSwagLabs()
  When Je saisis le username                                             # com.automation.e2eTests.step_definitions.LoginStepDefinition.jeSaisisLeUsername()
  And Je saisis le password                                              # com.automation.e2eTests.step_definitions.LoginStepDefinition.jeSaisisLePassword()
  And Je clique sur Login                                                # com.automation.e2eTests.step_definitions.LoginStepDefinition.jeCliqueSurLogin()
  When Je selectionne l'option "Price (low to high)" dans le menu de tri # com.automation.e2eTests.step_definitions.SortProductsStepDefinition.jeSelectionneLOptionDansLeMenuDeTri(java.lang.String)
  Then Tri par prix croissant effectuÃ©                                   # com.automation.e2eTests.step_definitions.SortProductsStepDefinition.triParPrixCroissantEffectuÃ©()
]]></system-out>
    <system-err><![CDATA[oct. 21, 2025 5:51:25 AM org.openqa.selenium.devtools.CdpVersionFinder findNearestMatch
WARNING: Unable to find an exact match for CDP version 140, returning the closest version; found: 138; Please update to a Selenium version that supports CDP version 140
]]></system-err>
  </testcase>
  <testcase name="Je souhaite trier les produits par ordre alphabétique de Z à A" classname="Tri des produits" time="2.08">
    <system-out><![CDATA[
@all @SortProducts @SortByName
Scenario: Je souhaite trier les produits par ordre alphabÃ©tique de Z Ã  A # src/spec/features/features_file/SortProducts.feature:19
  Given Je me connecte Ã  l'interface Swag Labs                           # com.automation.e2eTests.step_definitions.LoginStepDefinition.jeMeConnecteÃ€LInterfaceSwagLabs()
  When Je saisis le username                                             # com.automation.e2eTests.step_definitions.LoginStepDefinition.jeSaisisLeUsername()
  And Je saisis le password                                              # com.automation.e2eTests.step_definitions.LoginStepDefinition.jeSaisisLePassword()
  And Je clique sur Login                                                # com.automation.e2eTests.step_definitions.LoginStepDefinition.jeCliqueSurLogin()
  When Je choisis l'option "Name (Z to A)" dans le menu de tri           # com.automation.e2eTests.step_definitions.SortProductsStepDefinition.jeChoisisLOptionDansLeMenuDeTri(java.lang.String)
  Then Tri par ordre alphabÃ©tique decroissant effectuÃ©                   # com.automation.e2eTests.step_definitions.SortProductsStepDefinition.triParOrdreAlphabÃ©tiqueDecroissantEffectuÃ©()
]]></system-out>
    <system-err><![CDATA[oct. 21, 2025 5:51:27 AM org.openqa.selenium.devtools.CdpVersionFinder findNearestMatch
WARNING: Unable to find an exact match for CDP version 140, returning the closest version; found: 138; Please update to a Selenium version that supports CDP version 140
]]></system-err>
  </testcase>
</testsuite>